[33m❯[39m Building...
[32m✔[39m Building...
[35mPrerendered 0 static routes.[39m
Application bundle generation failed. [8.425 seconds]

[1m[33m[33m▲ [43;33m[[43;30mWARNING[43;33m][0m [1mNG8107: The left side of this optional chain operation does not include 'null' or 'undefined' in its type, therefore the '?.' operator can be replaced with the '.' operator.[0m [1m[35m[plugin angular-compiler][0m

    src/app/user-dashboard/user-dashboard.component.html:233:113:
[37m      233 │ ...ed]="myGroup?.topic" [class.active]="myGroup && !myGroup?.[32mtopic[37m">
          ╵                                                              [32m~~~~~[0m

  Error occurs in the template of component UserDashboardComponent.

    src/app/user-dashboard/user-dashboard.component.ts:19:15:
[37m      19 │   templateUrl: [32m'./user-dashboard.component.html'[37m,
         ╵                [32m~~~~~~~~~~~~~~~~~~~~~~~~~~~~~~~~~[0m

[39m[22m
[1m[31m[31mX [41;31m[[41;97mERROR[41;31m][0m [1mNG8002: Can't bind to 'ngClass' since it isn't a known property of 'span'.[0m [1m[35m[plugin angular-compiler][0m

    src/app/admin-dashboard/admin-dashboard.component.html:211:47:
[37m      211 │ ...s="role-badge" [32m[ngClass]="user.role | lowercase"[37m>{{ user.role ...
          ╵                   [32m~~~~~~~~~~~~~~~~~~~~~~~~~~~~~~~~~[0m

  Error occurs in the template of component AdminDashboardComponent.

    src/app/admin-dashboard/admin-dashboard.component.ts:11:15:
[37m      11 │   templateUrl: [32m'./admin-dashboard.component.html'[37m,
         ╵                [32m~~~~~~~~~~~~~~~~~~~~~~~~~~~~~~~~~~[0m


[31mX [41;31m[[41;97mERROR[41;31m][0m [1mNG8004: No pipe found with name 'lowercase'.[0m [1m[35m[plugin angular-compiler][0m

    src/app/admin-dashboard/admin-dashboard.component.html:211:70:
[37m      211 │ ...e-badge" [ngClass]="user.role | [32mlowercase[37m">{{ user.role }}</span>
          ╵                                    [32m~~~~~~~~~[0m

  Error occurs in the template of component AdminDashboardComponent.

    src/app/admin-dashboard/admin-dashboard.component.ts:11:15:
[37m      11 │   templateUrl: [32m'./admin-dashboard.component.html'[37m,
         ╵                [32m~~~~~~~~~~~~~~~~~~~~~~~~~~~~~~~~~~[0m


[31mX [41;31m[[41;97mERROR[41;31m][0m [1mNG8004: No pipe found with name 'lowercase'.[0m [1m[35m[plugin angular-compiler][0m

    src/app/user-dashboard/user-dashboard.component.html:377:89:
[37m      377 │ ...ge-{{ member.roleInGroup | [32mlowercase[37m }}">{{ member.roleInGroup...
          ╵                               [32m~~~~~~~~~[0m

  Error occurs in the template of component UserDashboardComponent.

    src/app/user-dashboard/user-dashboard.component.ts:19:15:
[37m      19 │   templateUrl: [32m'./user-dashboard.component.html'[37m,
         ╵                [32m~~~~~~~~~~~~~~~~~~~~~~~~~~~~~~~~~[0m

[39m[22m
